<?xml version="1.0" encoding="UTF-8"?>
<testng-results ignored="0" total="1" passed="1" failed="0" skipped="0">
  <reporter-output>
  </reporter-output>
  <suite started-at="2022-06-01T05:03:58Z" name="Surefire suite" finished-at="2022-06-01T05:04:17Z" duration-ms="18627">
    <groups>
      <group name="cucumber">
        <method signature="AbstractTestNGCucumberTests.feature(cucumber.api.testng.CucumberFeatureWrapper)[pri:0, instance:Runner.Test_RunnerFile@34123d65]" name="feature" class="cucumber.api.testng.AbstractTestNGCucumberTests"/>
      </group> <!-- cucumber -->
    </groups>
    <test started-at="2022-06-01T05:03:58Z" name="Surefire test" finished-at="2022-06-01T05:04:17Z" duration-ms="18627">
      <class name="Runner.Test_RunnerFile">
        <test-method is-config="true" signature="setUpClass()[pri:0, instance:Runner.Test_RunnerFile@34123d65]" started-at="2022-06-01T10:33:58Z" name="setUpClass" finished-at="2022-06-01T10:33:58Z" duration-ms="151" status="PASS">
          <reporter-output>
          </reporter-output>
        </test-method> <!-- setUpClass -->
        <test-method signature="feature(cucumber.api.testng.CucumberFeatureWrapper)[pri:0, instance:Runner.Test_RunnerFile@34123d65]" started-at="2022-06-01T10:33:59Z" name="feature" description="Runs Cucumber Feature" data-provider="features" finished-at="2022-06-01T10:34:17Z" duration-ms="18156" status="PASS">
          <params>
            <param index="0">
              <value>
                <![CDATA[Swipe Feature in Gallery]]>
              </value>
            </param>
          </params>
          <reporter-output>
          </reporter-output>
        </test-method> <!-- feature -->
        <test-method is-config="true" signature="tearDownClass()[pri:0, instance:Runner.Test_RunnerFile@34123d65]" started-at="2022-06-01T10:34:17Z" name="tearDownClass" finished-at="2022-06-01T10:34:17Z" duration-ms="16" status="PASS">
          <reporter-output>
          </reporter-output>
        </test-method> <!-- tearDownClass -->
      </class> <!-- Runner.Test_RunnerFile -->
    </test> <!-- Surefire test -->
  </suite> <!-- Surefire suite -->
</testng-results>
