<?xml version="1.0" encoding="UTF-8"?>
<testng-results ignored="0" total="1" passed="1" failed="0" skipped="0">
  <reporter-output>
  </reporter-output>
  <suite started-at="2022-06-01T14:20:41Z" name="Suite" finished-at="2022-06-01T14:20:59Z" duration-ms="17490">
    <groups>
      <group name="cucumber">
        <method signature="AbstractTestNGCucumberTests.feature(cucumber.api.testng.CucumberFeatureWrapper)[pri:0, instance:Runner.Test_RunnerFile@5117dd67]" name="feature" class="cucumber.api.testng.AbstractTestNGCucumberTests"/>
      </group> <!-- cucumber -->
    </groups>
    <test started-at="2022-06-01T14:20:41Z" name="Test" finished-at="2022-06-01T14:20:59Z" duration-ms="17490">
      <class name="Runner.Test_RunnerFile">
        <test-method is-config="true" signature="setUpClass()[pri:0, instance:Runner.Test_RunnerFile@5117dd67]" started-at="2022-06-01T19:50:42Z" name="setUpClass" finished-at="2022-06-01T19:50:42Z" duration-ms="122" status="PASS">
          <reporter-output>
          </reporter-output>
        </test-method> <!-- setUpClass -->
        <test-method signature="feature(cucumber.api.testng.CucumberFeatureWrapper)[pri:0, instance:Runner.Test_RunnerFile@5117dd67]" started-at="2022-06-01T19:50:42Z" name="feature" description="Runs Cucumber Feature" data-provider="features" finished-at="2022-06-01T19:50:59Z" duration-ms="17114" status="PASS">
          <params>
            <param index="0">
              <value>
                <![CDATA[Drag and Drop Feature]]>
              </value>
            </param>
          </params>
          <reporter-output>
          </reporter-output>
        </test-method> <!-- feature -->
        <test-method is-config="true" signature="tearDownClass()[pri:0, instance:Runner.Test_RunnerFile@5117dd67]" started-at="2022-06-01T19:50:59Z" name="tearDownClass" finished-at="2022-06-01T19:50:59Z" duration-ms="8" status="PASS">
          <reporter-output>
          </reporter-output>
        </test-method> <!-- tearDownClass -->
      </class> <!-- Runner.Test_RunnerFile -->
    </test> <!-- Test -->
  </suite> <!-- Suite -->
</testng-results>
